<?xml version="1.0" encoding="UTF-8"?>
<testng-results ignored="0" total="1" passed="1" failed="0" skipped="0">
  <reporter-output>
  </reporter-output>
  <suite started-at="2025-05-29T06:09:39 EEST" name="Default suite" finished-at="2025-05-29T06:09:45 EEST" duration-ms="5522">
    <groups>
    </groups>
    <test started-at="2025-05-29T06:09:39 EEST" name="Default test" finished-at="2025-05-29T06:09:45 EEST" duration-ms="5522">
      <class name="sauselab.sauselab.tests.HomeTest">
        <test-method is-config="true" signature="SetUp()[pri:0, instance:sauselab.sauselab.tests.HomeTest@2438dcd]" started-at="2025-05-29T06:09:39 EEST" name="SetUp" finished-at="2025-05-29T06:09:43 EEST" duration-ms="4026" status="PASS">
          <reporter-output>
          </reporter-output>
        </test-method> <!-- SetUp -->
        <test-method signature="Homepage_PositiveTestScenario()[pri:0, instance:sauselab.sauselab.tests.HomeTest@2438dcd]" started-at="2025-05-29T06:09:43 EEST" name="Homepage_PositiveTestScenario" finished-at="2025-05-29T06:09:44 EEST" duration-ms="883" status="PASS">
          <reporter-output>
          </reporter-output>
        </test-method> <!-- Homepage_PositiveTestScenario -->
        <test-method is-config="true" signature="Terminate()[pri:0, instance:sauselab.sauselab.tests.HomeTest@2438dcd]" started-at="2025-05-29T06:09:44 EEST" name="Terminate" finished-at="2025-05-29T06:09:45 EEST" duration-ms="415" status="PASS">
          <reporter-output>
          </reporter-output>
        </test-method> <!-- Terminate -->
      </class> <!-- sauselab.sauselab.tests.HomeTest -->
    </test> <!-- Default test -->
  </suite> <!-- Default suite -->
</testng-results>
